<?xml version="1.0" encoding="UTF-8"?><testsuite errors="1" failures="0" name="Login page scenarios" skipped="0" tests="1" time="67.56" timestamp="2018-09-08 06:21:22"><testcase name="User is not allowed to login with invalid credentials"><error message="Could not instantiate new WebDriver instance of type class io.appium.java_client.AppiumDriver (An unknown server-side error occurred while processing the command. Original error: Cannot start the 'org.wordpress.android' application. Visit https://github.com/appium/appium/blob/master/docs/en/writing-running-appium/android/activity-startup.md for troubleshooting. Original error: 'org.wordpress.android.ui.WPLaunchActivity' or 'org.wordpress.android.org.wordpress.android.ui.WPLaunchActivity' never started. Visit https://github.com/appium/appium/blob/master/docs/en/writing-running-appium/android/activity-startup.md for troubleshooting (WARNING: The server did not provide any stacktrace information)&#10;Command duration or timeout: 31.79 seconds&#10;Build info: version: '3.13.0', revision: '2f0d292', time: '2018-06-25T15:24:21.231Z'&#10;System info: host: 'DESKTOP-53O5A0M', ip: '192.168.1.88', os.name: 'Windows 10', os.arch: 'amd64', os.version: '10.0', java.version: '10.0.2'&#10;Driver info: driver.version: AndroidDriver" type="net.thucydides.core.webdriver.UnsupportedDriverException">Could not instantiate new WebDriver instance of type class io.appium.java_client.AppiumDriver (An unknown server-side error occurred while processing the command. Original error: Cannot start the 'org.wordpress.android' application. Visit https://github.com/appium/appium/blob/master/docs/en/writing-running-appium/android/activity-startup.md for troubleshooting. Original error: 'org.wordpress.android.ui.WPLaunchActivity' or 'org.wordpress.android.org.wordpress.android.ui.WPLaunchActivity' never started. Visit https://github.com/appium/appium/blob/master/docs/en/writing-running-appium/android/activity-startup.md for troubleshooting (WARNING: The server did not provide any stacktrace information)
Command duration or timeout: 31.79 seconds
Build info: version: '3.13.0', revision: '2f0d292', time: '2018-06-25T15:24:21.231Z'
System info: host: 'DESKTOP-53O5A0M', ip: '192.168.1.88', os.name: 'Windows 10', os.arch: 'amd64', os.version: '10.0', java.version: '10.0.2'
Driver info: driver.version: AndroidDriver</error><system-err>Could not instantiate new WebDriver instance of type class io.appium.java_client.AppiumDriver (An unknown server-side error occurred while processing the command. Original error: Cannot start the 'org.wordpress.android' application. Visit https://github.com/appium/appium/blob/master/docs/en/writing-running-appium/android/activity-startup.md for troubleshooting. Original error: 'org.wordpress.android.ui.WPLaunchActivity' or 'org.wordpress.android.org.wordpress.android.ui.WPLaunchActivity' never started. Visit https://github.com/appium/appium/blob/master/docs/en/writing-running-appium/android/activity-startup.md for troubleshooting (WARNING: The server did not provide any stacktrace information)
Command duration or timeout: 31.79 seconds
Build info: version: '3.13.0', revision: '2f0d292', time: '2018-06-25T15:24:21.231Z'
System info: host: 'DESKTOP-53O5A0M', ip: '192.168.1.88', os.name: 'Windows 10', os.arch: 'amd64', os.version: '10.0', java.version: '10.0.2'
Driver info: driver.version: AndroidDriver&#13;
integration.pages.WordPressLoginPage.gotoWPLoginPage(WordPressLoginPage.java:51)&#13;
integration.serenitySteps.WordPressLoginSteps.loginPageInvalidDataInput(WordPressLoginSteps.java:15)&#13;
integration.cucumer.WordPressLoginScenarioSteps.gotoLoginPage(WordPressLoginScenarioSteps.java:17)&#13;
java.base/jdk.internal.reflect.NativeMethodAccessorImpl.invoke0(Native Method)&#13;
java.base/jdk.internal.reflect.NativeMethodAccessorImpl.invoke(NativeMethodAccessorImpl.java:62)&#13;
java.base/jdk.internal.reflect.DelegatingMethodAccessorImpl.invoke(DelegatingMethodAccessorImpl.java:43)&#13;
cucumber.runner.Runner.runPickle(Runner.java:80)&#13;
</system-err></testcase></testsuite>